<?xml version="1.0" encoding="UTF-8" standalone="no"?>
<!DOCTYPE log SYSTEM "logger.dtd">
<log>
<record>
  <date>2022-10-27T10:40:06.464-0300</date>
  <logger>GABRIEL YURI RAMALHO FERREIRA</logger>
  <level>FINE</level>
  <message>File 121210381-GABRIEL YURI RAMALHO FERREIRA.zip was received. It was sent by GABRIEL YURI RAMALHO FERREIRA from IP 150.165.42.162 at 27-10-2022 10*40*06</message>
</record>
</log>
<?xml version="1.0" encoding="UTF-8" standalone="no"?>
<!DOCTYPE log SYSTEM "logger.dtd">
<log>
<record>
  <date>2022-10-30T15:51:50.463-0300</date>
  <logger>GABRIEL YURI RAMALHO FERREIRA</logger>
  <level>FINE</level>
  <message>File 121210381-GABRIEL YURI RAMALHO FERREIRA.zip was received. It was sent by GABRIEL YURI RAMALHO FERREIRA from IP 192.168.1.8 at 30-10-2022 15*51*50</message>
</record>
</log>
<?xml version="1.0" encoding="UTF-8" standalone="no"?>
<!DOCTYPE log SYSTEM "logger.dtd">
<log>
<record>
  <date>2022-10-31T12:22:52.034-0300</date>
  <logger>GABRIEL YURI RAMALHO FERREIRA</logger>
  <level>FINE</level>
  <message>File 121210381-GABRIEL YURI RAMALHO FERREIRA.zip was received. It was sent by GABRIEL YURI RAMALHO FERREIRA from IP 192.168.1.8 at 31-10-2022 12*22*52</message>
</record>
</log>
<?xml version="1.0" encoding="UTF-8" standalone="no"?>
<!DOCTYPE log SYSTEM "logger.dtd">
<log>
<record>
  <date>2022-10-31T19:10:21.048-0300</date>
  <logger>GABRIEL YURI RAMALHO FERREIRA</logger>
  <level>FINE</level>
  <message>File 121210381-GABRIEL YURI RAMALHO FERREIRA.zip was received. It was sent by GABRIEL YURI RAMALHO FERREIRA from IP 192.168.1.8 at 31-10-2022 19*10*21</message>
</record>
</log>
<?xml version="1.0" encoding="UTF-8" standalone="no"?>
<!DOCTYPE log SYSTEM "logger.dtd">
<log>
<record>
  <date>2022-10-31T19:12:57.222-0300</date>
  <logger>GABRIEL YURI RAMALHO FERREIRA</logger>
  <level>FINE</level>
  <message>File 121210381-GABRIEL YURI RAMALHO FERREIRA.zip was received. It was sent by GABRIEL YURI RAMALHO FERREIRA from IP 192.168.1.8 at 31-10-2022 19*12*57</message>
</record>
</log>
<?xml version="1.0" encoding="UTF-8" standalone="no"?>
<!DOCTYPE log SYSTEM "logger.dtd">
<log>
<record>
  <date>2022-10-31T19:15:58.040-0300</date>
  <logger>GABRIEL YURI RAMALHO FERREIRA</logger>
  <level>FINE</level>
  <message>File 121210381-GABRIEL YURI RAMALHO FERREIRA.zip was received. It was sent by GABRIEL YURI RAMALHO FERREIRA from IP 192.168.1.8 at 31-10-2022 19*15*58</message>
</record>
</log>
<?xml version="1.0" encoding="UTF-8" standalone="no"?>
<!DOCTYPE log SYSTEM "logger.dtd">
<log>
<record>
  <date>2022-10-31T19:16:18.575-0300</date>
  <logger>GABRIEL YURI RAMALHO FERREIRA</logger>
  <level>FINE</level>
  <message>File 121210381-GABRIEL YURI RAMALHO FERREIRA.zip was received. It was sent by GABRIEL YURI RAMALHO FERREIRA from IP 192.168.1.8 at 31-10-2022 19*16*18</message>
</record>
