<?xml version="1.0" encoding="UTF-8" standalone="no"?>
<!DOCTYPE log SYSTEM "logger.dtd">
<log>
<record>
  <date>2022-11-17T10:30:28.679-0300</date>
  <logger>GABRIEL YURI RAMALHO FERREIRA</logger>
  <level>FINE</level>
  <message>File 121210381-GABRIEL YURI RAMALHO FERREIRA.zip was received. It was sent by GABRIEL YURI RAMALHO FERREIRA from IP 150.165.42.172 at 17-11-2022 10*30*28</message>
</record>
</log>
<?xml version="1.0" encoding="UTF-8" standalone="no"?>
<!DOCTYPE log SYSTEM "logger.dtd">
<log>
<record>
  <date>2022-11-25T11:50:24.997-0300</date>
  <logger>GABRIEL YURI RAMALHO FERREIRA</logger>
  <level>FINE</level>
  <message>File 121210381-GABRIEL YURI RAMALHO FERREIRA.zip was received. It was sent by GABRIEL YURI RAMALHO FERREIRA from IP 150.165.74.53 at 25-11-2022 11*50*24</message>
</record>
</log>
<?xml version="1.0" encoding="UTF-8" standalone="no"?>
<!DOCTYPE log SYSTEM "logger.dtd">
<log>
<record>
  <date>2022-11-26T17:34:11.094-0300</date>
  <logger>GABRIEL YURI RAMALHO FERREIRA</logger>
  <level>FINE</level>
  <message>File 121210381-GABRIEL YURI RAMALHO FERREIRA.zip was received. It was sent by GABRIEL YURI RAMALHO FERREIRA from IP 192.168.1.7 at 26-11-2022 17*34*11</message>
</record>
