<?xml version="1.0" encoding="UTF-8" standalone="no"?>
<!DOCTYPE log SYSTEM "logger.dtd">
<log>
<record>
  <date>2022-11-03T11:15:09.489-0300</date>
  <logger>GABRIEL YURI RAMALHO FERREIRA</logger>
  <level>FINE</level>
  <message>File 121210381-GABRIEL YURI RAMALHO FERREIRA.zip was received. It was sent by GABRIEL YURI RAMALHO FERREIRA from IP 150.165.42.166 at 03-11-2022 11*15*09</message>
</record>
</log>
<?xml version="1.0" encoding="UTF-8" standalone="no"?>
<!DOCTYPE log SYSTEM "logger.dtd">
<log>
<record>
  <date>2022-11-06T15:42:12.769-0300</date>
  <logger>GABRIEL YURI RAMALHO FERREIRA</logger>
  <level>FINE</level>
  <message>File 121210381-GABRIEL YURI RAMALHO FERREIRA.zip was received. It was sent by GABRIEL YURI RAMALHO FERREIRA from IP 192.168.1.8 at 06-11-2022 15*42*12</message>
</record>
</log>
<?xml version="1.0" encoding="UTF-8" standalone="no"?>
<!DOCTYPE log SYSTEM "logger.dtd">
<log>
<record>
  <date>2022-11-06T16:04:51.954-0300</date>
  <logger>GABRIEL YURI RAMALHO FERREIRA</logger>
  <level>FINE</level>
  <message>File 121210381-GABRIEL YURI RAMALHO FERREIRA.zip was received. It was sent by GABRIEL YURI RAMALHO FERREIRA from IP 192.168.1.8 at 06-11-2022 16*04*51</message>
</record>
